2023-05-16 22:42:43,890 - ERROR - Arquivo de modelo ou de consultas não especificado.
2023-05-16 22:57:42,451 - INFO - Iniciando o buscador...
2023-05-16 22:57:42,463 - INFO - arquivo de configuracao busca.cfg lido com sucesso
2023-05-16 22:57:42,998 - INFO - Arquivo results/modelo.csv lido com sucesso...
2023-05-16 22:57:43,008 - INFO - Foram lidos 99 queries com sucesso...
2023-05-16 22:57:43,009 - INFO - Arquivo results/consultas.csv lido com sucesso...
2023-05-16 22:57:48,834 - INFO - Arquivo ./results/resultados.csv escrito com sucesso...
2023-05-16 23:14:03,760 - INFO - Iniciando o buscador...
2023-05-16 23:14:03,930 - INFO - arquivo de configuracao busca.cfg lido com sucesso
2023-05-16 23:14:04,030 - INFO - Arquivo results/modelo.csv lido com sucesso...
2023-05-16 23:14:04,035 - INFO - Foram lidos 99 queries com sucesso...
2023-05-16 23:14:04,035 - INFO - Arquivo results/consultas.csv lido com sucesso...
2023-05-16 23:14:07,375 - INFO - Arquivo ./results/resultados.csv escrito com sucesso...
2023-05-16 23:17:19,174 - INFO - Iniciando o buscador...
2023-05-16 23:17:19,294 - INFO - arquivo de configuracao busca.cfg lido com sucesso
2023-05-16 23:17:19,388 - INFO - Arquivo results/modelo.csv lido com sucesso...
2023-05-16 23:17:19,392 - INFO - Foram lidos 99 queries com sucesso...
2023-05-16 23:17:19,392 - INFO - Arquivo results/consultas.csv lido com sucesso...
2023-05-16 23:17:22,750 - INFO - Arquivo ./results/resultados.csv escrito com sucesso...
2023-05-16 23:27:42,977 - INFO - Iniciando o buscador...
2023-05-16 23:27:43,170 - INFO - arquivo de configuracao busca.cfg lido com sucesso
2023-05-16 23:27:43,343 - INFO - Arquivo results/modelo.csv lido com sucesso...
2023-05-16 23:27:43,349 - INFO - Foram lidos 99 queries com sucesso...
2023-05-16 23:27:43,350 - INFO - Arquivo results/consultas.csv lido com sucesso...
2023-05-16 23:27:47,960 - INFO - Arquivo ./results/resultados.csv escrito com sucesso...
