2023-05-24 20:56:43,731 - INFO - Iniciando indexador...
2023-05-24 20:56:43,732 - INFO - Arquivo de configuração config/index.cfg carregado com sucesso!
2023-05-24 20:56:44,729 - INFO - results/inverted_list.csv processado com sucesso
2023-05-24 20:56:45,071 - INFO - Lista invertida carregada com sucesso
2023-05-24 20:56:46,225 - INFO - Modelo escrito com sucesso no arquivo results/modelo.csv
2023-05-24 21:00:26,878 - INFO - Iniciando indexador...
2023-05-24 21:00:26,878 - INFO - Iniciando indexador...
2023-05-24 21:00:26,879 - INFO - Arquivo de configuração config/index.cfg carregado com sucesso!
2023-05-24 21:00:26,879 - INFO - Arquivo de configuração config/index.cfg carregado com sucesso!
2023-05-24 21:00:27,558 - INFO - results/inverted_list.csv processado com sucesso
2023-05-24 21:00:27,558 - INFO - results/inverted_list.csv processado com sucesso
2023-05-24 21:00:28,061 - INFO - Lista invertida carregada com sucesso
2023-05-24 21:00:28,061 - INFO - Lista invertida carregada com sucesso
2023-05-24 21:03:55,237 - INFO - Iniciando indexador...
2023-05-24 21:03:55,237 - INFO - Iniciando indexador...
2023-05-24 21:03:55,237 - INFO - Iniciando indexador...
2023-05-24 21:03:55,238 - INFO - Arquivo de configuração config/index.cfg carregado com sucesso!
2023-05-24 21:03:55,238 - INFO - Arquivo de configuração config/index.cfg carregado com sucesso!
2023-05-24 21:03:55,238 - INFO - Arquivo de configuração config/index.cfg carregado com sucesso!
2023-05-24 21:03:55,974 - INFO - results/inverted_list.csv processado com sucesso
2023-05-24 21:03:55,974 - INFO - results/inverted_list.csv processado com sucesso
2023-05-24 21:03:55,974 - INFO - results/inverted_list.csv processado com sucesso
2023-05-24 21:03:56,599 - INFO - Lista invertida carregada com sucesso
2023-05-24 21:03:56,599 - INFO - Lista invertida carregada com sucesso
2023-05-24 21:03:56,599 - INFO - Lista invertida carregada com sucesso
2023-05-24 21:04:02,187 - INFO - Modelo escrito com sucesso no arquivo results/modelo.csv
2023-05-24 21:04:02,187 - INFO - Modelo escrito com sucesso no arquivo results/modelo.csv
2023-05-24 21:04:02,187 - INFO - Modelo escrito com sucesso no arquivo results/modelo.csv
2023-05-24 23:02:12,078 - INFO - Iniciando indexador...
2023-05-24 23:02:12,079 - INFO - Arquivo de configuração config/index.cfg carregado com sucesso!
2023-05-24 23:02:14,240 - INFO - results/inverted_list.csv processado com sucesso
2023-05-24 23:02:15,278 - INFO - Lista invertida carregada com sucesso
2023-05-24 23:02:21,023 - INFO - Modelo escrito com sucesso no arquivo results/modelo.csv
2023-05-24 23:36:12,115 - INFO - Iniciando indexador...
2023-05-24 23:36:12,115 - INFO - Iniciando indexador...
2023-05-24 23:36:12,116 - INFO - Arquivo de configuração config/index.cfg carregado com sucesso!
2023-05-24 23:36:12,116 - INFO - Arquivo de configuração config/index.cfg carregado com sucesso!
2023-05-24 23:36:12,927 - INFO - results/inverted_list.csv processado com sucesso
2023-05-24 23:36:12,927 - INFO - results/inverted_list.csv processado com sucesso
2023-05-24 23:36:13,511 - INFO - Lista invertida carregada com sucesso
2023-05-24 23:36:13,511 - INFO - Lista invertida carregada com sucesso
2023-05-24 23:36:17,380 - INFO - Modelo escrito com sucesso no arquivo results/modelo.csv
2023-05-24 23:36:17,380 - INFO - Modelo escrito com sucesso no arquivo results/modelo.csv
